[00:46:16] [main/INFO] (FabricLoader/GameProvider) Loading Minecraft 1.20.1 with Fabric Loader 0.16.5
[00:46:16] [main/INFO] (FabricLoader) Loading 70 mods:
	- additionalentityattributes 1.3.0+1.20.0
	- apoli 2.9.0
	- calio 1.11.0
	- cardinal-components-base 5.2.1
	- cardinal-components-entity 5.2.1
	- cloth-basic-math 0.6.1
	- cloth-config 11.0.99
	- dweebscape_origins 2.7.2-SB
	- fabric-api 0.92.2+1.20.1
	- fabric-api-base 0.4.31+1802ada577
	- fabric-api-lookup-api-v1 1.6.36+1802ada577
	- fabric-biome-api-v1 13.0.13+1802ada577
	- fabric-block-api-v1 1.0.11+1802ada577
	- fabric-block-view-api-v2 1.0.1+1802ada577
	- fabric-blockrenderlayer-v1 1.1.41+1802ada577
	- fabric-client-tags-api-v1 1.1.2+1802ada577
	- fabric-command-api-v1 1.2.34+f71b366f77
	- fabric-command-api-v2 2.2.13+1802ada577
	- fabric-commands-v0 0.2.51+df3654b377
	- fabric-containers-v0 0.1.64+df3654b377
	- fabric-content-registries-v0 4.0.11+1802ada577
	- fabric-convention-tags-v1 1.5.5+1802ada577
	- fabric-crash-report-info-v1 0.2.19+1802ada577
	- fabric-data-attachment-api-v1 1.0.0+de0fd6d177
	- fabric-data-generation-api-v1 12.3.4+1802ada577
	- fabric-dimensions-v1 2.1.54+1802ada577
	- fabric-entity-events-v1 1.6.0+1c78457f77
	- fabric-events-interaction-v0 0.6.2+1802ada577
	- fabric-events-lifecycle-v0 0.2.63+df3654b377
	- fabric-game-rule-api-v1 1.0.40+1802ada577
	- fabric-gametest-api-v1 1.2.13+1802ada577
	- fabric-item-api-v1 2.1.28+1802ada577
	- fabric-item-group-api-v1 4.0.12+1802ada577
	- fabric-key-binding-api-v1 1.0.37+1802ada577
	- fabric-keybindings-v0 0.2.35+df3654b377
	- fabric-lifecycle-events-v1 2.2.22+1802ada577
	- fabric-loot-api-v2 1.2.1+1802ada577
	- fabric-loot-tables-v1 1.1.45+9e7660c677
	- fabric-message-api-v1 5.1.9+1802ada577
	- fabric-mining-level-api-v1 2.1.50+1802ada577
	- fabric-model-loading-api-v1 1.0.3+1802ada577
	- fabric-models-v0 0.4.2+9386d8a777
	- fabric-networking-api-v1 1.3.11+1802ada577
	- fabric-networking-v0 0.3.51+df3654b377
	- fabric-object-builder-api-v1 11.1.3+1802ada577
	- fabric-particles-v1 1.1.2+1802ada577
	- fabric-recipe-api-v1 1.0.21+1802ada577
	- fabric-registry-sync-v0 2.3.3+1802ada577
	- fabric-renderer-api-v1 3.2.1+1802ada577
	- fabric-renderer-indigo 1.5.2+85287f9f77
	- fabric-renderer-registries-v1 3.2.46+df3654b377
	- fabric-rendering-data-attachment-v1 0.3.37+92a0d36777
	- fabric-rendering-fluids-v1 3.0.28+1802ada577
	- fabric-rendering-v0 1.1.49+df3654b377
	- fabric-rendering-v1 3.0.8+1802ada577
	- fabric-resource-conditions-api-v1 2.3.8+1802ada577
	- fabric-resource-loader-v0 0.11.10+1802ada577
	- fabric-screen-api-v1 2.0.8+1802ada577
	- fabric-screen-handler-api-v1 1.3.30+1802ada577
	- fabric-sound-api-v1 1.0.13+1802ada577
	- fabric-transfer-api-v1 3.3.5+8dd72ea377
	- fabric-transitive-access-wideners-v1 4.3.1+1802ada577
	- fabricloader 0.16.5
	- java 17
	- minecraft 1.20.1
	- mixinextras 0.4.1
	- modmenu 7.1.0
	- origins 1.10.0
	- playerabilitylib 1.8.0
	- reach-entity-attributes 2.4.0
[00:46:16] [main/INFO] (FabricLoader/Mixin) SpongePowered MIXIN Subsystem Version=0.8.7 Source=file:/C:/Users/Mario/.gradle/caches/modules-2/files-2.1/net.fabricmc/sponge-mixin/0.15.3+mixin.0.8.7/51ee0a44ab05f6fddd66b09e66b3a16904f9c55d/sponge-mixin-0.15.3+mixin.0.8.7.jar Service=Knot/Fabric Env=CLIENT
[00:46:16] [main/INFO] (FabricLoader/Mixin) Loaded Fabric development mappings for mixin remapper!
[00:46:16] [main/INFO] (FabricLoader/Mixin) Compatibility level set to JAVA_17
[00:46:18] [main/INFO] (FabricLoader/MixinExtras|Service) Initializing MixinExtras via com.llamalad7.mixinextras.service.MixinExtrasServiceImpl(version=0.4.1).
[00:46:22] [Datafixer Bootstrap/INFO] (Minecraft) 188 Datafixer optimizations took 129 milliseconds
[00:46:24] [Render thread/INFO] (Minecraft) Environment: authHost='https://authserver.mojang.com', accountsHost='https://api.mojang.com', sessionHost='https://sessionserver.mojang.com', servicesHost='https://api.minecraftservices.com', name='PROD'
[00:46:25] [Render thread/ERROR] (Minecraft) Failed to verify authentication
com.mojang.authlib.exceptions.InvalidCredentialsException: Status: 401
	at com.mojang.authlib.exceptions.MinecraftClientHttpException.toAuthenticationException(MinecraftClientHttpException.java:56) ~[authlib-4.0.43.jar:?]
	at com.mojang.authlib.yggdrasil.YggdrasilUserApiService.fetchProperties(YggdrasilUserApiService.java:156) ~[authlib-4.0.43.jar:?]
	at com.mojang.authlib.yggdrasil.YggdrasilUserApiService.<init>(YggdrasilUserApiService.java:55) ~[authlib-4.0.43.jar:?]
	at com.mojang.authlib.yggdrasil.YggdrasilAuthenticationService.createUserApiService(YggdrasilAuthenticationService.java:124) ~[authlib-4.0.43.jar:?]
	at net.minecraft.client.MinecraftClient.createUserApiService(MinecraftClient.java:733) ~[minecraft-clientOnly-e324ecfee5-1.20.1-net.fabricmc.yarn.1_20_1.1.20.1+build.10-v2.jar:?]
	at net.minecraft.client.MinecraftClient.<init>(MinecraftClient.java:442) ~[minecraft-clientOnly-e324ecfee5-1.20.1-net.fabricmc.yarn.1_20_1.1.20.1+build.10-v2.jar:?]
	at net.minecraft.client.main.Main.main(Main.java:211) ~[minecraft-clientOnly-e324ecfee5-1.20.1-net.fabricmc.yarn.1_20_1.1.20.1+build.10-v2.jar:?]
	at net.fabricmc.loader.impl.game.minecraft.MinecraftGameProvider.launch(MinecraftGameProvider.java:480) ~[fabric-loader-0.16.5.jar:?]
	at net.fabricmc.loader.impl.launch.knot.Knot.launch(Knot.java:74) ~[fabric-loader-0.16.5.jar:?]
	at net.fabricmc.loader.impl.launch.knot.KnotClient.main(KnotClient.java:23) ~[fabric-loader-0.16.5.jar:?]
	at net.fabricmc.devlaunchinjector.Main.main(Main.java:86) ~[dev-launch-injector-0.2.1+build.8.jar:?]
Caused by: com.mojang.authlib.exceptions.MinecraftClientHttpException: Status: 401
	at com.mojang.authlib.minecraft.client.MinecraftClient.readInputStream(MinecraftClient.java:85) ~[authlib-4.0.43.jar:?]
	at com.mojang.authlib.minecraft.client.MinecraftClient.get(MinecraftClient.java:48) ~[authlib-4.0.43.jar:?]
	at com.mojang.authlib.yggdrasil.YggdrasilUserApiService.fetchProperties(YggdrasilUserApiService.java:129) ~[authlib-4.0.43.jar:?]
	... 9 more
[00:46:25] [Render thread/INFO] (Minecraft) Setting user: Player176
[00:46:25] [Render thread/INFO] (Origins) Origins 1.10.0 is initializing. Have fun!
[00:46:25] [Render thread/INFO] (Apoli) Apoli 2.9.0 has initialized. Ready to power up your game!
[00:46:26] [Worker-Main-1/INFO] (Mod Menu/Update Checker) Checking mod updates...
[00:46:26] [Render thread/INFO] (Indigo) [Indigo] Registering Indigo renderer!
[00:46:26] [Render thread/INFO] (Minecraft) Backend library: LWJGL version 3.3.1 SNAPSHOT
[00:46:27] [Render thread/INFO] (Minecraft) Reloading ResourceManager: vanilla, fabric (fabric-rendering-data-attachment-v1, fabric-screen-api-v1, calio, fabric-model-loading-api-v1, fabric-registry-sync-v0, fabric-recipe-api-v1, fabric-sound-api-v1, fabric-item-group-api-v1, fabric-message-api-v1, fabric-models-v0, fabric-object-builder-api-v1, fabric-api-base, fabric-transitive-access-wideners-v1, fabric-resource-conditions-api-v1, fabric-renderer-api-v1, fabric-content-registries-v0, fabric-game-rule-api-v1, fabric-rendering-v1, fabric-transfer-api-v1, fabric-gametest-api-v1, origins, fabric-biome-api-v1, reach-entity-attributes, fabric-data-attachment-api-v1, fabric-renderer-registries-v1, fabric-key-binding-api-v1, fabric-rendering-v0, playerabilitylib, cloth-config, apoli, fabric-resource-loader-v0, fabric-item-api-v1, fabric-loot-api-v2, fabric-loot-tables-v1, fabric-events-interaction-v0, cardinal-components-base, fabric-data-generation-api-v1, fabric-dimensions-v1, cardinal-components-entity, fabric-networking-v0, fabric-block-api-v1, modmenu, fabricloader, additionalentityattributes, fabric-events-lifecycle-v0, fabric-entity-events-v1, fabric-command-api-v2, fabric-keybindings-v0, fabric-containers-v0, dweebscape_origins, fabric-convention-tags-v1, fabric-mining-level-api-v1, fabric-networking-api-v1, fabric-client-tags-api-v1, fabric-api, fabric-particles-v1, fabric-blockrenderlayer-v1, fabric-lifecycle-events-v1, fabric-block-view-api-v2, fabric-rendering-fluids-v1, fabric-crash-report-info-v1, fabric-renderer-indigo, fabric-screen-handler-api-v1, fabric-api-lookup-api-v1, fabric-command-api-v1, fabric-commands-v0), programmer_art (programmer_art, modmenu)
[00:46:27] [Worker-Main-3/INFO] (Minecraft) Found unifont_all_no_pua-15.0.06.hex, loading
[00:46:28] [Realms Notification Availability checker #1/INFO] (Minecraft) Could not authorize you against Realms server: Invalid session id
[00:46:29] [Render thread/WARN] (Minecraft) Missing sound for event: minecraft:item.goat_horn.play
[00:46:29] [Render thread/WARN] (Minecraft) Missing sound for event: minecraft:entity.goat.screaming.horn_break
[00:46:29] [Render thread/INFO] (Minecraft) OpenAL initialized on device OpenAL Soft on Headset Earphone (2- G535 Wireless Gaming Headset)
[00:46:29] [Render thread/INFO] (Minecraft) Sound engine started
[00:46:29] [Render thread/INFO] (Minecraft) Created: 1024x512x4 minecraft:textures/atlas/blocks.png-atlas
[00:46:29] [Render thread/INFO] (Minecraft) Created: 256x256x4 minecraft:textures/atlas/signs.png-atlas
[00:46:29] [Render thread/INFO] (Minecraft) Created: 512x512x4 minecraft:textures/atlas/banner_patterns.png-atlas
[00:46:29] [Render thread/INFO] (Minecraft) Created: 512x512x4 minecraft:textures/atlas/shield_patterns.png-atlas
[00:46:29] [Render thread/INFO] (Minecraft) Created: 1024x1024x4 minecraft:textures/atlas/armor_trims.png-atlas
[00:46:29] [Render thread/INFO] (Minecraft) Created: 256x256x4 minecraft:textures/atlas/chest.png-atlas
[00:46:29] [Render thread/INFO] (Minecraft) Created: 128x64x4 minecraft:textures/atlas/decorated_pot.png-atlas
[00:46:29] [Render thread/INFO] (Minecraft) Created: 512x256x4 minecraft:textures/atlas/shulker_boxes.png-atlas
[00:46:29] [Render thread/INFO] (Minecraft) Created: 512x256x4 minecraft:textures/atlas/beds.png-atlas
[00:46:29] [Render thread/WARN] (Minecraft) Shader rendertype_entity_translucent_emissive could not find sampler named Sampler2 in the specified shader program.
[00:46:29] [Render thread/INFO] (Minecraft) Created: 256x256x0 minecraft:textures/atlas/particles.png-atlas
[00:46:29] [Render thread/INFO] (Minecraft) Created: 256x256x0 minecraft:textures/atlas/paintings.png-atlas
[00:46:29] [Render thread/INFO] (Minecraft) Created: 128x128x0 minecraft:textures/atlas/mob_effects.png-atlas
[00:46:43] [Render thread/INFO] (Minecraft) Loaded 7 recipes
[00:46:43] [Render thread/INFO] (Minecraft) Loaded 1285 advancements
[00:46:43] [Render thread/ERROR] (Apoli) There was a problem reading power file dweebscape:mtc_leggingsblock (skipping): Error reading data field at legs.enchantment: Identifier "lunar_origins:molding" was not registered in registry "minecraft:enchantment".
[00:46:43] [Render thread/ERROR] (Apoli) There was a problem reading power file dweebscape:mim_leggingsblock (skipping): Error reading data field at legs.enchantment: Identifier "lunar_origins:molding" was not registered in registry "minecraft:enchantment".
[00:46:43] [Render thread/ERROR] (Apoli) There was a problem reading power file dweebscape:bon_drownmore (skipping): Power type "eggolib:modify_breathing" is not defined.
[00:46:43] [Render thread/ERROR] (Apoli) There was a problem reading power file dweebscape:let_helmetblock (skipping): Error reading data field at head.enchantment: Identifier "lunar_origins:molding" was not registered in registry "minecraft:enchantment".
[00:46:43] [Render thread/ERROR] (Apoli) There was a problem reading power file dweebscape:fm_helmetblock (skipping): Error reading data field at head.enchantment: Identifier "lunar_origins:molding" was not registered in registry "minecraft:enchantment".
[00:46:43] [Render thread/ERROR] (Apoli) There was a problem reading power file dweebscape:e_drownmore (skipping): Power type "eggolib:modify_breathing" is not defined.
[00:46:43] [Render thread/INFO] (Apoli) Finished loading powers from data files. Registry contains 236 powers.
[00:46:43] [Render thread/ERROR] (Origins) Origin "dweebscape:fawful" contained unregistered power: "dweebscape:fm_helmetblock"
[00:46:43] [Render thread/ERROR] (Origins) Origin "dweebscape:fawful-evolved" contained unregistered power: "dweebscape:fm_helmetblock"
[00:46:43] [Render thread/ERROR] (Origins) Origin "dweebscape:bonnie" contained unregistered power: "dweebscape:bon_drownmore"
[00:46:43] [Render thread/ERROR] (Origins) Origin "dweebscape:letrian" contained unregistered power: "dweebscape:let_helmetblock"
[00:46:43] [Render thread/ERROR] (Origins) Origin "dweebscape:mimic-evolved" contained unregistered power: "dweebscape:bon_drownmore"
[00:46:43] [Render thread/ERROR] (Origins) Origin "dweebscape:thryme" contained unregistered power: "dweebscape:mtc_leggingsblock"
[00:46:43] [Render thread/ERROR] (Origins) Origin "dweebscape:mimic" contained unregistered power: "dweebscape:mim_leggingsblock"
[00:46:43] [Render thread/ERROR] (Origins) Origin "dweebscape:mimic" contained unregistered power: "dweebscape:bon_drownmore"
[00:46:43] [Render thread/INFO] (Origins) Finished loading origins from data files. Registry contains 29 origins.
[00:46:43] [Render thread/INFO] (Origins) Trying to read layer file: origins:origin
[00:46:43] [Render thread/INFO] (Origins) Trying to read layer file: origins:origin
[00:46:43] [Render thread/INFO] (Origins) Finished loading origin layers from data files. Read 1 layers.
[00:46:43] [Render thread/INFO] (Apoli) Loaded 0 global power sets.
[00:46:43] [Render thread/INFO] (BiomeModificationImpl) Applied 0 biome modifications to 0 of 64 new biomes in 1.094 ms
[00:46:43] [Server thread/INFO] (Minecraft) Starting integrated minecraft server version 1.20.1
[00:46:43] [Server thread/INFO] (Minecraft) Generating keypair
[00:46:44] [Server thread/INFO] (Minecraft) Preparing start region for dimension minecraft:overworld
[00:46:46] [Render thread/INFO] (Minecraft) Preparing spawn area: 0%
[00:46:46] [Render thread/INFO] (Minecraft) Preparing spawn area: 0%
[00:46:46] [Render thread/INFO] (Minecraft) Preparing spawn area: 0%
[00:46:46] [Render thread/INFO] (Minecraft) Preparing spawn area: 0%
[00:46:47] [Render thread/INFO] (Minecraft) Preparing spawn area: 0%
[00:46:47] [Render thread/INFO] (Minecraft) Preparing spawn area: 19%
[00:46:47] [Render thread/INFO] (Minecraft) Time elapsed: 2874 ms
[00:46:47] [Server thread/INFO] (Minecraft) Changing view distance to 12, from 10
[00:46:47] [Server thread/INFO] (Minecraft) Changing simulation distance to 12, from 0
[00:46:48] [Server thread/INFO] (Minecraft) Player176[local:E:81658617] logged in with entity id 85 at (7.044209799228774, 81.62637266200059, -316.93605247685736)
[00:46:48] [Server thread/INFO] (Minecraft) Player176 joined the game
[00:46:49] [Render thread/INFO] (Minecraft) Loaded 31 advancements
[00:46:58] [Render thread/INFO] (Minecraft) [System] [CHAT] Opened the selection GUI for 1 players
[00:46:58] [Server thread/INFO] (Minecraft) Saving and pausing game...
[00:46:58] [Server thread/INFO] (Minecraft) Saving chunks for level 'ServerLevel[fard xDDDDDD]'/minecraft:overworld
[00:46:58] [Server thread/INFO] (Minecraft) Saving chunks for level 'ServerLevel[fard xDDDDDD]'/minecraft:the_nether
[00:46:58] [Server thread/INFO] (Minecraft) Saving chunks for level 'ServerLevel[fard xDDDDDD]'/minecraft:the_end
[00:47:22] [Server thread/INFO] (Origins) Player literal{Player176} chose Origin: dweebscape:mimic, for layer: origins:origin
[00:48:31] [Render thread/INFO] (Minecraft) Loaded 59 advancements
[00:48:31] [Render thread/INFO] (Minecraft) Loaded 67 advancements
[00:48:52] [Render thread/INFO] (Minecraft) Stopping!
[00:48:52] [Server thread/INFO] (Minecraft) Player176 lost connection: Disconnected
[00:48:52] [Server thread/INFO] (Minecraft) Player176 left the game
[00:48:52] [Server thread/INFO] (Minecraft) Stopping singleplayer server as player logged out
[00:48:52] [Server thread/INFO] (Minecraft) Stopping server
[00:48:52] [Server thread/INFO] (Minecraft) Saving players
[00:48:52] [Server thread/INFO] (Minecraft) Saving worlds
[00:48:53] [Server thread/INFO] (Minecraft) Saving chunks for level 'ServerLevel[fard xDDDDDD]'/minecraft:overworld
[00:48:55] [Server thread/INFO] (Minecraft) Saving chunks for level 'ServerLevel[fard xDDDDDD]'/minecraft:the_nether
[00:48:55] [Server thread/INFO] (Minecraft) Saving chunks for level 'ServerLevel[fard xDDDDDD]'/minecraft:the_end
[00:48:55] [Server thread/INFO] (Minecraft) ThreadedAnvilChunkStorage (fard xDDDDDD): All chunks are saved
[00:48:55] [Server thread/INFO] (Minecraft) ThreadedAnvilChunkStorage (DIM-1): All chunks are saved
[00:48:55] [Server thread/INFO] (Minecraft) ThreadedAnvilChunkStorage (DIM1): All chunks are saved
[00:48:55] [Server thread/INFO] (Minecraft) ThreadedAnvilChunkStorage: All dimensions are saved
